<?xml version="1.0" encoding="UTF-8"?>
<!-- Generated by org.testng.reporters.JUnitReportReporter -->
<testsuite hostname="Praveen" failures="0" tests="7" name="runners.CucumberRunner" time="26.638" errors="1" timestamp="2026-07-24T15:05:27 IST" skipped="3">
  <testcase classname="runners.CucumberRunner" name="runScenario" time="4.752"/>
  <testcase classname="runners.CucumberRunner" name="runScenario" time="0.000">
    <skipped/>
  </testcase> <!-- runScenario -->
  <testcase classname="runners.CucumberRunner" name="setUpBrowser" time="0.133">
    <error message="msedgedriver at location C:\Driver\edgedriver_win64\msedgedriver.exe, does not exist
For documentation on this error, please visit: https://www.selenium.dev/documentation/webdriver/troubleshooting/errors/driver_location/
Build info: version: &#039;4.18.1&#039;, revision: &#039;b1d3319b48&#039;
System info: os.name: &#039;Windows 11&#039;, os.arch: &#039;amd64&#039;, os.version: &#039;10.0&#039;, java.version: &#039;24.0.1&#039;
Driver info: driver.version: EdgeDriver" type="org.openqa.selenium.remote.NoSuchDriverException">
      <![CDATA[org.openqa.selenium.remote.NoSuchDriverException: msedgedriver at location C:\Driver\edgedriver_win64\msedgedriver.exe, does not exist
For documentation on this error, please visit: https://www.selenium.dev/documentation/webdriver/troubleshooting/errors/driver_location/
Build info: version: '4.18.1', revision: 'b1d3319b48'
System info: os.name: 'Windows 11', os.arch: 'amd64', os.version: '10.0', java.version: '24.0.1'
Driver info: driver.version: EdgeDriver
at org.openqa.selenium.remote.service.DriverFinder.getPath(DriverFinder.java:76)
at org.openqa.selenium.remote.service.DriverFinder.getPath(DriverFinder.java:33)
at org.openqa.selenium.edge.EdgeDriver.generateExecutor(EdgeDriver.java:71)
at org.openqa.selenium.edge.EdgeDriver.<init>(EdgeDriver.java:61)
at org.openqa.selenium.edge.EdgeDriver.<init>(EdgeDriver.java:57)
at org.openqa.selenium.edge.EdgeDriver.<init>(EdgeDriver.java:49)
at factory.DriverFactory.initDriver(DriverFactory.java:35)
at runners.CucumberRunner.setUpBrowser(CucumberRunner.java:27)
at java.base/jdk.internal.reflect.DirectMethodHandleAccessor.invoke(DirectMethodHandleAccessor.java:104)
at java.base/java.lang.reflect.Method.invoke(Method.java:565)
at org.testng.internal.invokers.MethodInvocationHelper.invokeMethod(MethodInvocationHelper.java:139)
at org.testng.internal.invokers.MethodInvocationHelper.invokeMethodConsideringTimeout(MethodInvocationHelper.java:69)
at org.testng.internal.invokers.ConfigInvoker.invokeConfigurationMethod(ConfigInvoker.java:393)
at org.testng.internal.invokers.ConfigInvoker.invokeConfigurations(ConfigInvoker.java:326)
at org.testng.TestRunner.invokeTestConfigurations(TestRunner.java:661)
at org.testng.TestRunner.beforeRun(TestRunner.java:650)
at org.testng.TestRunner.run(TestRunner.java:612)
at org.testng.SuiteRunner.runTest(SuiteRunner.java:443)
at org.testng.SuiteRunner$SuiteWorker.run(SuiteRunner.java:481)
at org.testng.internal.thread.ThreadUtil.lambda$execute$0(ThreadUtil.java:58)
at java.base/java.util.concurrent.FutureTask.run(FutureTask.java:328)
at java.base/java.util.concurrent.ThreadPoolExecutor.runWorker(ThreadPoolExecutor.java:1095)
at java.base/java.util.concurrent.ThreadPoolExecutor$Worker.run(ThreadPoolExecutor.java:619)
at java.base/java.lang.Thread.run(Thread.java:1447)
]]>
    </error>
  </testcase> <!-- setUpBrowser -->
  <testcase classname="runners.CucumberRunner" name="runScenario" time="14.633"/>
  <testcase classname="runners.CucumberRunner" name="runScenario" time="0.000">
    <skipped/>
  </testcase> <!-- runScenario -->
  <testcase classname="runners.CucumberRunner" name="runScenario" time="7.120"/>
  <testcase classname="runners.CucumberRunner" name="runScenario" time="0.000">
    <skipped/>
  </testcase> <!-- runScenario -->
</testsuite> <!-- runners.CucumberRunner -->
