<?xml version="1.0" encoding="UTF-8"?>
<testsuite xmlns:xsi="http://www.w3.org/2001/XMLSchema-instance" xsi:noNamespaceSchemaLocation="https://maven.apache.org/surefire/maven-surefire-plugin/xsd/surefire-test-report-3.0.xsd" version="3.0" name="TestSuite" time="63.112" tests="7" errors="0" skipped="3" failures="1">
  <properties>
[...]
</properties>
  <testcase name="setUpBrowser[edge](0)" classname="runners.CucumberRunner" time="0.85">
    <failure message="msedgedriver at location C:\Driver\edgedriver_win64\msedgedriver.exe, does not exist&#10;For documentation on this error, please visit: https://www.selenium.dev/documentation/webdriver/troubleshooting/errors/driver_location/&#10;Build info: version: &apos;4.18.1&apos;, revision: &apos;b1d3319b48&apos;&#10;System info: os.name: &apos;Windows 11&apos;, os.arch: &apos;amd64&apos;, os.version: &apos;10.0&apos;, java.version: &apos;24.0.1&apos;&#10;Driver info: driver.version: EdgeDriver" type="org.openqa.selenium.remote.NoSuchDriverException"><![CDATA[org.openqa.selenium.remote.NoSuchDriverException: 
msedgedriver at location C:\Driver\edgedriver_win64\msedgedriver.exe, does not exist
For documentation on this error, please visit: https://www.selenium.dev/documentation/webdriver/troubleshooting/errors/driver_location/
Build info: version: '4.18.1', revision: 'b1d3319b48'
System info: os.name: 'Windows 11', os.arch: 'amd64', os.version: '10.0', java.version: '24.0.1'
Driver info: driver.version: EdgeDriver
	at org.openqa.selenium.remote.service.DriverFinder.getPath(DriverFinder.java:76)
	at org.openqa.selenium.remote.service.DriverFinder.getPath(DriverFinder.java:33)
	at org.openqa.selenium.edge.EdgeDriver.generateExecutor(EdgeDriver.java:71)
	at org.openqa.selenium.edge.EdgeDriver.<init>(EdgeDriver.java:61)
	at org.openqa.selenium.edge.EdgeDriver.<init>(EdgeDriver.java:57)
	at org.openqa.selenium.edge.EdgeDriver.<init>(EdgeDriver.java:49)
	at factory.DriverFactory.initDriver(DriverFactory.java:35)
	at runners.CucumberRunner.setUpBrowser(CucumberRunner.java:27)
	at java.base/jdk.internal.reflect.DirectMethodHandleAccessor.invoke(DirectMethodHandleAccessor.java:104)
	at java.base/java.lang.reflect.Method.invoke(Method.java:565)
	at org.testng.internal.invokers.MethodInvocationHelper.invokeMethod(MethodInvocationHelper.java:139)
	at org.testng.internal.invokers.MethodInvocationHelper.invokeMethodConsideringTimeout(MethodInvocationHelper.java:69)
	at org.testng.internal.invokers.ConfigInvoker.invokeConfigurationMethod(ConfigInvoker.java:393)
	at org.testng.internal.invokers.ConfigInvoker.invokeConfigurations(ConfigInvoker.java:326)
	at org.testng.TestRunner.invokeTestConfigurations(TestRunner.java:661)
	at org.testng.TestRunner.beforeRun(TestRunner.java:650)
	at org.testng.TestRunner.run(TestRunner.java:612)
	at org.testng.SuiteRunner.runTest(SuiteRunner.java:443)
	at org.testng.SuiteRunner$SuiteWorker.run(SuiteRunner.java:481)
	at org.testng.internal.thread.ThreadUtil.lambda$execute$0(ThreadUtil.java:58)
	at java.base/java.util.concurrent.FutureTask.run(FutureTask.java:328)
	at java.base/java.util.concurrent.ThreadPoolExecutor.runWorker(ThreadPoolExecutor.java:1095)
	at java.base/java.util.concurrent.ThreadPoolExecutor$Worker.run(ThreadPoolExecutor.java:619)
	at java.base/java.lang.Thread.run(Thread.java:1447)
]]></failure>
    <system-err><![CDATA[SLF4J: Failed to load class "org.slf4j.impl.StaticLoggerBinder".
SLF4J: Defaulting to no-operation (NOP) logger implementation
SLF4J: See http://www.slf4j.org/codes.html#StaticLoggerBinder for further details.
]]></system-err>
  </testcase>
  <testcase name="runScenario[&quot;TC1 - Display weekend sports activities sorted by lowest price&quot;, &quot;District.in User Journey Automation&quot;](1)" classname="runners.CucumberRunner" time="0.0">
    <skipped message="msedgedriver at location C:\Driver\edgedriver_win64\msedgedriver.exe, does not exist&#10;For documentation on this error, please visit: https://www.selenium.dev/documentation/webdriver/troubleshooting/errors/driver_location/&#10;Build info: version: &apos;4.18.1&apos;, revision: &apos;b1d3319b48&apos;&#10;System info: os.name: &apos;Windows 11&apos;, os.arch: &apos;amd64&apos;, os.version: &apos;10.0&apos;, java.version: &apos;24.0.1&apos;&#10;Driver info: driver.version: EdgeDriver"/>
  </testcase>
  <testcase name="runScenario[&quot;TC1 - Display weekend sports activities sorted by lowest price&quot;, &quot;District.in User Journey Automation&quot;](1)" classname="runners.CucumberRunner" time="14.633">
    <system-out><![CDATA[
Scenario: TC1 - Display weekend sports activities sorted by lowest price # src/test/resources/features/district.feature:6
15:05:01 INFO  SignInSteps - Continuing from current page
  Given the user is on the district.in home page                         # steps.SignInSteps.onHomePage()
15:05:04 INFO  HomePage - City selected: Pune
15:05:04 INFO  SportsSteps - City selected: Pune
  When the user selects the city                                         # steps.SportsSteps.selectCity()
15:05:05 INFO  HomePage - Navigated to Events
15:05:05 INFO  SportsSteps - Navigated to Events section
  And the user navigates to Events section                               # steps.SportsSteps.goToEvents()
15:05:07 INFO  SportsPage - Sports filter applied for this weekend
15:05:07 INFO  SportsSteps - Weekend sports filter applied
  And the user applies the weekend sports filter                         # steps.SportsSteps.applyWeekendSportsFilter()
15:05:10 INFO  SportsPage - Scraped 4 events.
15:05:10 INFO  SportsSteps - Sports events sorted by lowest price:
  Then the sports events should be displayed with lowest price on top    # steps.SportsSteps.verifyEventsSortedByLowestPrice()
15:05:10 INFO  SportsSteps - Shakti by GGC - ₹399 onwards
15:05:10 INFO  SportsSteps - Ugly Lantern Street Party At Izipizi Street - ₹1295
15:05:10 INFO  SportsSteps - Sonu Nigam - The Revolution India Tour | Pune - ₹1499 onwards
15:05:10 INFO  SportsSteps - District Play Tour | Pickleball | Pune Edition - ₹1500 onwards
15:05:10 INFO  SportsSteps - Total events: 4
  And each event should show name and price                              # steps.SportsSteps.printEventDetails()

    Embedding TC1 - Display weekend sports activities sorted by lowest price [image/png 617207 bytes]

]]></system-out>
    <system-err><![CDATA[Jul 24, 2026 3:04:58 PM org.openqa.selenium.devtools.CdpVersionFinder findNearestMatch
WARNING: Unable to find CDP implementation matching 150
Jul 24, 2026 3:04:58 PM org.openqa.selenium.chromium.ChromiumDriver lambda$new$5
WARNING: Unable to find version of CDP to use for 150.0.7871.184. You may need to include a dependency on a specific version of the CDP using something similar to `org.seleniumhq.selenium:selenium-devtools-v86:4.18.1` where the version ("v86") matches the version of the chromium-based browser you're using and the version number of the artifact is the same as Selenium's.
]]></system-err>
  </testcase>
  <testcase name="runScenario[&quot;TC2 - Extract all movie languages available on the site&quot;, &quot;District.in User Journey Automation&quot;](2)" classname="runners.CucumberRunner" time="0.0">
    <skipped message="msedgedriver at location C:\Driver\edgedriver_win64\msedgedriver.exe, does not exist&#10;For documentation on this error, please visit: https://www.selenium.dev/documentation/webdriver/troubleshooting/errors/driver_location/&#10;Build info: version: &apos;4.18.1&apos;, revision: &apos;b1d3319b48&apos;&#10;System info: os.name: &apos;Windows 11&apos;, os.arch: &apos;amd64&apos;, os.version: &apos;10.0&apos;, java.version: &apos;24.0.1&apos;&#10;Driver info: driver.version: EdgeDriver"/>
  </testcase>
  <testcase name="runScenario[&quot;TC2 - Extract all movie languages available on the site&quot;, &quot;District.in User Journey Automation&quot;](2)" classname="runners.CucumberRunner" time="7.12">
    <system-out><![CDATA[
Scenario: TC2 - Extract all movie languages available on the site # src/test/resources/features/district.feature:17
15:05:14 INFO  SignInSteps - Continuing from current page
  Given the user is on the district.in home page                  # steps.SignInSteps.onHomePage()
15:05:16 INFO  HomePage - Navigated to Movies
  When the user navigates to Movies section                       # steps.MovieSteps.goToMovies()
  And the user opens the Language filter                          # steps.MovieSteps.openLanguageFilter()
15:05:17 INFO  MoviesPage - Languages found: 7
  Then all available movie languages should be extracted          # steps.MovieSteps.extractLanguages()
1. Hindi
2. English
3. Marathi
4. Japanese
5. Telugu
6. Punjabi
7. Tamil
  And the list should not be empty                                # steps.MovieSteps.verifyNotEmpty()

    Embedding TC2 - Extract all movie languages available on the site [image/png 739234 bytes]

]]></system-out>
  </testcase>
  <testcase name="runScenario[&quot;TC3 - Sign in with invalid mobile number shows an error&quot;, &quot;District.in User Journey Automation&quot;](3)" classname="runners.CucumberRunner" time="0.0">
    <skipped message="msedgedriver at location C:\Driver\edgedriver_win64\msedgedriver.exe, does not exist&#10;For documentation on this error, please visit: https://www.selenium.dev/documentation/webdriver/troubleshooting/errors/driver_location/&#10;Build info: version: &apos;4.18.1&apos;, revision: &apos;b1d3319b48&apos;&#10;System info: os.name: &apos;Windows 11&apos;, os.arch: &apos;amd64&apos;, os.version: &apos;10.0&apos;, java.version: &apos;24.0.1&apos;&#10;Driver info: driver.version: EdgeDriver"/>
  </testcase>
  <testcase name="runScenario[&quot;TC3 - Sign in with invalid mobile number shows an error&quot;, &quot;District.in User Journey Automation&quot;](3)" classname="runners.CucumberRunner" time="4.752">
    <system-out><![CDATA[
Scenario: TC3 - Sign in with invalid mobile number shows an error # src/test/resources/features/district.feature:27
15:05:21 INFO  SignInSteps - Continuing from current page
  Given the user is on the district.in home page                  # steps.SignInSteps.onHomePage()
15:05:22 INFO  LoginPage - Mobile sign-in modal is open
  When the user clicks the Sign In button                         # steps.SignInSteps.clickSignIn()
15:05:22 INFO  SignInSteps - Entered invalid mobile: 1234567890
  And the user enters an invalid mobile number                    # steps.SignInSteps.enterInvalidMobile()
  And the user clicks Continue                                    # steps.SignInSteps.clickContinue()
15:05:22 INFO  SignInSteps - Captured error message: "Please enter a valid mobile number."
  Then an error message should be displayed                       # steps.SignInSteps.verifyError()

    Embedding TC3 - Sign in with invalid mobile number shows an error [image/png 291751 bytes]

]]></system-out>
  </testcase>
</testsuite>